Build started 25/05/2015 16:55:37.
     1>Project "C:\VS\Projects\Sjasm\Sjasm\Sjasm.vcxproj" on node 2 (Build target(s)).
     1>ClCompile:
         C:\Program Files (x86)\Microsoft Visual Studio 14.0\VC\bin\CL.exe /c /ZI /nologo /W3 /WX- /sdl /Od /Oy- /D WIN32 /D _DEBUG /D _CONSOLE /D _UNICODE /D UNICODE /Gm /EHsc /RTC1 /MDd /GS /fp:precise /Zc:wchar_t /Zc:forScope /Zc:inline /Fo"Debug\\" /Fd"Debug\vc140.pdb" /Gd /TP /analyze- /errorReport:prompt Sjasm.cpp
         Sjasm.cpp
       Link:
         C:\Program Files (x86)\Microsoft Visual Studio 14.0\VC\bin\link.exe /ERRORREPORT:PROMPT /OUT:"C:\VS\Projects\Sjasm\Debug\Sjasm.exe" /INCREMENTAL /NOLOGO kernel32.lib user32.lib gdi32.lib winspool.lib comdlg32.lib advapi32.lib shell32.lib ole32.lib oleaut32.lib uuid.lib odbc32.lib odbccp32.lib /MANIFEST /MANIFESTUAC:"level='asInvoker' uiAccess='false'" /manifest:embed /Debug /PDB:"C:\VS\Projects\Sjasm\Debug\Sjasm.pdb" /SUBSYSTEM:CONSOLE /TLBID:1 /DYNAMICBASE /NXCOMPAT /IMPLIB:"C:\VS\Projects\Sjasm\Debug\Sjasm.lib" /MACHINE:X86 Debug\datadir.obj
         Debug\datastructures.obj
         Debug\directives.obj
         Debug\errors.obj
         Debug\expressions.obj
         Debug\fileio.obj
         Debug\output.obj
         Debug\pimsx.obj
         Debug\preprocessor.obj
         Debug\rawsource.obj
         Debug\reader.obj
         Debug\Sjasm.obj
         Debug\source.obj
         Debug\stdafx.obj
         Sjasm.vcxproj -> C:\VS\Projects\Sjasm\Debug\Sjasm.exe
     1>Done Building Project "C:\VS\Projects\Sjasm\Sjasm\Sjasm.vcxproj" (Build target(s)).

Build succeeded.

Time Elapsed 00:00:01.81
